<?xml version="1.0" encoding="UTF-8"?>
<!-- Generated by org.testng.reporters.JUnitReportReporter -->
<testsuite hostname="DESKTOP-UP5S9ET" failures="0" tests="3" name="MavPak2.PraticeAutomation" time="18.457" errors="0" timestamp="2024-06-22T10:38:57 IST" skipped="0">
  <testcase classname="MavPak2.PraticeAutomation" name="class1" time="6.248"/>
  <testcase classname="MavPak2.PraticeAutomation" name="class1" time="4.394"/>
  <testcase classname="MavPak2.PraticeAutomation" name="class1" time="7.815"/>
</testsuite> <!-- MavPak2.PraticeAutomation -->
